2026-03-18 14:58:29  INFO      🎮  Games QA Job Hunter starting up...
2026-03-18 14:58:29  INFO         Platforms : ['linkedin', 'indeed', 'glassdoor']
2026-03-18 14:58:29  INFO         Naukri    : True
2026-03-18 14:58:29  INFO         Hitmarker : True
2026-03-18 14:58:29  INFO         AutoApply : False
2026-03-18 14:58:29  INFO         Interval  : every 30 min
2026-03-18 14:58:29  INFO         Min Score : 30/100
2026-03-18 14:58:29  INFO      Running in single-shot mode (--once).
2026-03-18 14:58:29  INFO      ============================================================
2026-03-18 14:58:29  INFO      🎮  Job hunt cycle started
2026-03-18 14:58:29  INFO      ============================================================
2026-03-18 14:58:29  INFO      Scraping JobSpy platforms (LinkedIn, Indeed, Glassdoor)...
2026-03-18 14:58:32  INFO      [JobSpy] Searching 'Games QA Engineer' in 'India'...
2026-03-18 14:59:15  INFO      [JobSpy] Searching 'Games QA Engineer' in 'Remote'...
2026-03-18 14:59:55  INFO      🎮  Games QA Job Hunter starting up...
2026-03-18 14:59:55  INFO         Platforms : ['linkedin', 'indeed']
2026-03-18 14:59:55  INFO         Naukri    : True
2026-03-18 14:59:55  INFO         Hitmarker : True
2026-03-18 14:59:55  INFO         AutoApply : False
2026-03-18 14:59:55  INFO         Interval  : every 30 min
2026-03-18 14:59:55  INFO         Min Score : 30/100
2026-03-18 14:59:55  INFO      Running in single-shot mode (--once).
2026-03-18 14:59:55  INFO      ============================================================
2026-03-18 14:59:55  INFO      🎮  Job hunt cycle started
2026-03-18 14:59:55  INFO      ============================================================
2026-03-18 14:59:55  INFO      Scraping JobSpy platforms (LinkedIn, Indeed, Glassdoor)...
2026-03-18 14:59:55  INFO      [JobSpy] Searching 'Games QA Engineer' in 'India'...
2026-03-18 15:00:39  INFO      [JobSpy] Searching 'Games QA Engineer' in 'Remote'...
2026-03-18 15:01:21  INFO      [JobSpy] Searching 'Games QA Engineer' in 'Pune India'...
2026-03-18 15:02:00  INFO      [JobSpy] Searching 'Game QA Engineer' in 'India'...
2026-03-18 15:02:40  INFO      [JobSpy] Searching 'Game QA Engineer' in 'Remote'...
2026-03-18 15:03:25  INFO      [JobSpy] Searching 'Game QA Engineer' in 'Pune India'...
2026-03-18 15:04:17  INFO      [JobSpy] Searching 'QA Engineer Games' in 'India'...
2026-03-18 15:04:31  INFO      [JobSpy] Searching 'QA Engineer Games' in 'Remote'...
2026-03-18 15:05:07  INFO      [JobSpy] Searching 'QA Engineer Games' in 'Pune India'...
2026-03-18 15:05:13  INFO      [JobSpy] Searching 'Game Tester' in 'India'...
2026-03-18 15:06:00  INFO      [JobSpy] Searching 'Game Tester' in 'Remote'...
2026-03-18 15:06:47  INFO      [JobSpy] Searching 'Game Tester' in 'Pune India'...
2026-03-18 15:07:36  INFO      [JobSpy] Searching 'Games Tester' in 'India'...
2026-03-18 15:08:27  INFO      [JobSpy] Searching 'Games Tester' in 'Remote'...
2026-03-18 15:09:22  INFO      [JobSpy] Searching 'Games Tester' in 'Pune India'...
2026-03-18 15:10:05  INFO      [JobSpy] Searching 'Quality Assurance Games' in 'India'...
2026-03-18 15:10:18  INFO      [JobSpy] Searching 'Quality Assurance Games' in 'Remote'...
2026-03-18 15:10:48  INFO      [JobSpy] Searching 'Quality Assurance Games' in 'Pune India'...
2026-03-18 15:10:53  INFO      Scraping Naukri.com...
2026-03-18 15:11:06  INFO      Scraping Hitmarker.net...
2026-03-18 15:11:18  INFO      Scraping WorkWithIndies.com...
2026-03-18 15:11:19  INFO      Total unique jobs scraped this cycle: 243
2026-03-18 15:11:19  INFO      New jobs (not seen before): 243
2026-03-18 15:12:06  INFO      Qualified jobs (score ≥ 30): 83
2026-03-18 15:12:08  ERROR     Failed to send email: (535, b'5.7.8 Username and Password not accepted. For more information, go to\n5.7.8  https://support.google.com/mail/?p=BadCredentials d9443c01a7336-2b06e454a8fsm20326215ad.37 - gsmtp')
2026-03-18 15:12:08  ERROR     Tip: Make sure you're using a Gmail App Password, not your login password.
2026-03-18 15:12:08  ERROR          Get one at: myaccount.google.com → Security → App passwords
2026-03-18 15:12:08  INFO      Opening top 5 job(s) in browser...
2026-03-18 15:12:12  INFO      Cycle complete in 737.2s — 83 qualified jobs processed.
2026-03-18 15:29:21  INFO      🎮  Games QA Job Hunter starting up...
2026-03-18 15:29:21  INFO         Platforms : ['linkedin', 'indeed', 'glassdoor']
2026-03-18 15:29:21  INFO         Naukri    : True
2026-03-18 15:29:21  INFO         Hitmarker : True
2026-03-18 15:29:21  INFO         AutoApply : False
2026-03-18 15:29:21  INFO         Interval  : every 30 min
2026-03-18 15:29:21  INFO         Min Score : 30/100
2026-03-18 15:29:21  INFO      ============================================================
2026-03-18 15:29:21  INFO      🎮  Job hunt cycle started
2026-03-18 15:29:21  INFO      ============================================================
2026-03-18 15:29:22  INFO      Scraping JobSpy platforms: ['linkedin', 'indeed', 'glassdoor']...
2026-03-18 15:29:22  INFO      [JobSpy] Searching 'Games QA Engineer' in 'India'...
2026-03-18 15:30:03  INFO      [JobSpy] Searching 'Games QA Engineer' in 'Remote'...
2026-03-18 15:30:14  INFO      🎮  Games QA Job Hunter starting up...
2026-03-18 15:30:14  INFO         Platforms : ['linkedin', 'indeed']
2026-03-18 15:30:14  INFO         Naukri    : True
2026-03-18 15:30:14  INFO         Hitmarker : True
2026-03-18 15:30:14  INFO         AutoApply : False
2026-03-18 15:30:14  INFO         Interval  : every 30 min
2026-03-18 15:30:14  INFO         Min Score : 30/100
2026-03-18 15:30:14  INFO      ============================================================
2026-03-18 15:30:14  INFO      🎮  Job hunt cycle started
2026-03-18 15:30:14  INFO      ============================================================
2026-03-18 15:30:14  INFO      Scraping JobSpy platforms: ['linkedin', 'indeed']...
2026-03-18 15:30:14  INFO      [JobSpy] Searching 'Games QA Engineer' in 'India'...
2026-03-18 15:30:55  INFO      [JobSpy] Searching 'Games QA Engineer' in 'Remote'...
2026-03-18 15:31:44  INFO      [JobSpy] Searching 'Games QA Engineer' in 'Pune India'...
2026-03-18 15:32:27  INFO      [JobSpy] Searching 'Game QA Engineer' in 'India'...
2026-03-18 15:33:11  INFO      [JobSpy] Searching 'Game QA Engineer' in 'Remote'...
2026-03-18 15:33:58  INFO      [JobSpy] Searching 'Game QA Engineer' in 'Pune India'...
2026-03-18 15:34:04  INFO      🎮  Games QA Job Hunter starting up...
2026-03-18 15:34:04  INFO         Platforms : ['linkedin', 'indeed']
2026-03-18 15:34:04  INFO         Naukri    : True
2026-03-18 15:34:04  INFO         Hitmarker : True
2026-03-18 15:34:04  INFO         AutoApply : False
2026-03-18 15:34:04  INFO         Interval  : every 30 min
2026-03-18 15:34:04  INFO         Min Score : 30/100
2026-03-18 15:34:04  INFO      Running in single-shot mode (--once).
2026-03-18 15:34:04  INFO      ============================================================
2026-03-18 15:34:04  INFO      🎮  Job hunt cycle started
2026-03-18 15:34:04  INFO      ============================================================
2026-03-18 15:34:04  INFO      Scraping JobSpy platforms: ['linkedin', 'indeed']...
2026-03-18 15:34:04  INFO      [JobSpy] Searching 'Games QA Engineer' in 'India'...
2026-03-18 15:34:41  INFO      [JobSpy] Searching 'QA Engineer Games' in 'India'...
2026-03-18 15:34:53  INFO      [JobSpy] Searching 'QA Engineer Games' in 'Remote'...
2026-03-18 15:35:26  INFO      [JobSpy] Searching 'QA Engineer Games' in 'Pune India'...
2026-03-18 15:35:26  INFO      [JobSpy] Searching 'Games QA Engineer' in 'Remote'...
2026-03-18 15:35:32  INFO      [JobSpy] Searching 'Game Tester' in 'India'...
2026-03-18 15:36:24  INFO      [JobSpy] Searching 'Game Tester' in 'Remote'...
2026-03-18 15:36:48  INFO      [JobSpy] Searching 'Games QA Engineer' in 'Pune India'...
2026-03-18 15:37:15  INFO      [JobSpy] Searching 'Game Tester' in 'Pune India'...
2026-03-18 15:37:41  INFO      [JobSpy] Searching 'Game QA Engineer' in 'India'...
2026-03-18 15:38:32  INFO      [JobSpy] Searching 'Game QA Engineer' in 'Remote'...
2026-03-18 15:38:39  INFO      [JobSpy] Searching 'Games Tester' in 'India'...
2026-03-18 15:39:31  INFO      [JobSpy] Searching 'Games Tester' in 'Remote'...
2026-03-18 15:39:35  INFO      [JobSpy] Searching 'Game QA Engineer' in 'Pune India'...
2026-03-18 15:40:28  INFO      [JobSpy] Searching 'QA Engineer Games' in 'India'...
2026-03-18 15:40:51  INFO      [JobSpy] Searching 'QA Engineer Games' in 'Remote'...
2026-03-18 15:40:54  INFO      [JobSpy] Searching 'Games Tester' in 'Pune India'...
2026-03-18 15:41:34  INFO      [JobSpy] Searching 'QA Engineer Games' in 'Pune India'...
2026-03-18 15:41:40  INFO      [JobSpy] Searching 'Game Tester' in 'India'...
2026-03-18 15:41:42  INFO      Scheduler started — running immediately, then every 30 min.
2026-03-18 15:42:01  INFO      [JobSpy] Searching 'Quality Assurance Games' in 'India'...
2026-03-18 15:42:11  INFO      [JobSpy] Searching 'Quality Assurance Games' in 'Remote'...
2026-03-18 15:42:31  INFO      [JobSpy] Searching 'Game Tester' in 'Remote'...
2026-03-18 15:42:38  INFO      Scheduler started — running immediately, then every 30 min.
2026-03-18 15:42:38  INFO      ============================================================
2026-03-18 15:42:38  INFO      🎮  Job hunt cycle started
2026-03-18 15:42:38  INFO      ============================================================
2026-03-18 15:42:38  INFO      Scraping JobSpy platforms: ['linkedin', 'indeed']...
2026-03-18 15:42:39  INFO      [JobSpy] Searching 'Games QA Engineer' in 'India'...
2026-03-18 15:43:16  INFO      [JobSpy] Searching 'Games QA Engineer' in 'Remote'...
2026-03-18 15:43:56  INFO      [JobSpy] Searching 'Games QA Engineer' in 'Pune India'...
2026-03-18 15:44:39  INFO      [JobSpy] Searching 'Game QA Engineer' in 'India'...
2026-03-18 15:45:22  INFO      [JobSpy] Searching 'Game QA Engineer' in 'Remote'...
2026-03-18 15:46:01  INFO      [JobSpy] Searching 'Game QA Engineer' in 'Pune India'...
2026-03-18 15:46:44  INFO      [JobSpy] Searching 'QA Engineer Games' in 'India'...
2026-03-18 15:46:58  INFO      [JobSpy] Searching 'QA Engineer Games' in 'Remote'...
2026-03-18 15:47:34  INFO      [JobSpy] Searching 'QA Engineer Games' in 'Pune India'...
2026-03-18 15:47:38  INFO      [JobSpy] Searching 'Game Tester' in 'India'...
2026-03-18 15:48:20  INFO      [JobSpy] Searching 'Game Tester' in 'Remote'...
2026-03-18 15:49:04  INFO      [JobSpy] Searching 'Game Tester' in 'Pune India'...
2026-03-18 15:49:41  INFO      [JobSpy] Searching 'Games Tester' in 'India'...
2026-03-18 15:50:25  INFO      [JobSpy] Searching 'Games Tester' in 'Remote'...
2026-03-18 15:51:11  INFO      [JobSpy] Searching 'Games Tester' in 'Pune India'...
2026-03-18 15:51:58  INFO      [JobSpy] Searching 'Quality Assurance Games' in 'India'...
2026-03-18 15:52:09  INFO      [JobSpy] Searching 'Quality Assurance Games' in 'Remote'...
2026-03-18 15:52:28  INFO      [JobSpy] Searching 'Quality Assurance Games' in 'Pune India'...
2026-03-18 15:52:33  INFO      Scraping Naukri.com...
2026-03-18 15:52:46  INFO      Scraping Hitmarker.net...
2026-03-18 15:52:58  INFO      Scraping WorkWithIndies.com...
2026-03-18 15:52:58  INFO      Total unique jobs scraped this cycle: 206
2026-03-18 15:52:59  INFO      New jobs (not seen before): 24
2026-03-18 15:53:04  INFO      Qualified jobs (score ≥ 30): 13
2026-03-18 15:53:07  INFO      Email sent: 13 jobs → jibinjosejo29@gmail.com
2026-03-18 15:53:10  INFO      Opening top 5 job(s) in browser...
2026-03-18 15:53:14  INFO      Cycle complete in 635.7s — 13 qualified jobs processed.
2026-03-18 16:23:14  INFO      ============================================================
2026-03-18 16:23:14  INFO      🎮  Job hunt cycle started
2026-03-18 16:23:14  INFO      ============================================================
2026-03-18 16:23:14  INFO      Scraping JobSpy platforms: ['linkedin', 'indeed']...
2026-03-18 16:23:14  INFO      [JobSpy] Searching 'Games QA Engineer' in 'India'...
2026-03-18 16:24:06  INFO      [JobSpy] Searching 'Games QA Engineer' in 'Remote'...
2026-03-18 16:24:44  INFO      [JobSpy] Searching 'Games QA Engineer' in 'Pune India'...
2026-03-18 16:25:28  INFO      [JobSpy] Searching 'Game QA Engineer' in 'India'...
2026-03-18 16:26:05  INFO      [JobSpy] Searching 'Game QA Engineer' in 'Remote'...
2026-03-18 16:26:42  INFO      [JobSpy] Searching 'Game QA Engineer' in 'Pune India'...
2026-03-18 16:27:22  INFO      [JobSpy] Searching 'QA Engineer Games' in 'India'...
2026-03-18 16:27:35  INFO      [JobSpy] Searching 'QA Engineer Games' in 'Remote'...
2026-03-18 16:28:07  INFO      [JobSpy] Searching 'QA Engineer Games' in 'Pune India'...
2026-03-18 16:28:11  INFO      [JobSpy] Searching 'Game Tester' in 'India'...
2026-03-18 16:28:55  INFO      [JobSpy] Searching 'Game Tester' in 'Remote'...
2026-03-18 16:29:37  INFO      [JobSpy] Searching 'Game Tester' in 'Pune India'...
2026-03-18 16:30:19  INFO      [JobSpy] Searching 'Games Tester' in 'India'...
2026-03-18 16:31:03  INFO      [JobSpy] Searching 'Games Tester' in 'Remote'...
2026-03-18 16:31:44  INFO      [JobSpy] Searching 'Games Tester' in 'Pune India'...
2026-03-18 16:32:28  INFO      [JobSpy] Searching 'Quality Assurance Games' in 'India'...
2026-03-18 16:32:41  INFO      [JobSpy] Searching 'Quality Assurance Games' in 'Remote'...
2026-03-18 16:33:13  INFO      [JobSpy] Searching 'Quality Assurance Games' in 'Pune India'...
2026-03-18 16:33:19  INFO      Scraping Naukri.com...
2026-03-18 16:33:33  INFO      Scraping Hitmarker.net...
2026-03-18 16:33:43  INFO      Scraping WorkWithIndies.com...
2026-03-18 16:33:43  INFO      Total unique jobs scraped this cycle: 213
2026-03-18 16:33:44  INFO      New jobs (not seen before): 27
2026-03-18 16:33:49  INFO      Qualified jobs (score ≥ 30): 13
2026-03-18 16:33:52  INFO      Email sent: 13 jobs → jibinjosejo29@gmail.com
2026-03-18 16:33:55  INFO      Opening top 5 job(s) in browser...
2026-03-18 16:33:58  INFO      Cycle complete in 644.6s — 13 qualified jobs processed.
2026-03-18 17:03:59  INFO      ============================================================
2026-03-18 17:03:59  INFO      🎮  Job hunt cycle started
2026-03-18 17:03:59  INFO      ============================================================
2026-03-18 17:03:59  INFO      Scraping JobSpy platforms: ['linkedin', 'indeed']...
2026-03-18 17:03:59  INFO      [JobSpy] Searching 'Games QA Engineer' in 'India'...
2026-03-18 17:04:27  INFO      Scheduler started — running immediately, then every 30 min.
2026-03-18 17:04:27  INFO      ============================================================
2026-03-18 17:04:27  INFO      🎮  Job hunt cycle started
2026-03-18 17:04:27  ERROR     Exception on /api/stats [GET]
Traceback (most recent call last):
  File "C:\Users\jibin\AppData\Local\Programs\Python\Python311\Lib\site-packages\flask\app.py", line 1511, in wsgi_app
    response = self.full_dispatch_request()
               ^^^^^^^^^^^^^^^^^^^^^^^^^^^^
  File "C:\Users\jibin\AppData\Local\Programs\Python\Python311\Lib\site-packages\flask\app.py", line 919, in full_dispatch_request
    rv = self.handle_user_exception(e)
         ^^^^^^^^^^^^^^^^^^^^^^^^^^^^^
  File "C:\Users\jibin\AppData\Local\Programs\Python\Python311\Lib\site-packages\flask\app.py", line 917, in full_dispatch_request
    rv = self.dispatch_request()
         ^^^^^^^^^^^^^^^^^^^^^^^
  File "C:\Users\jibin\AppData\Local\Programs\Python\Python311\Lib\site-packages\flask\app.py", line 902, in dispatch_request
    return self.ensure_sync(self.view_functions[rule.endpoint])(**view_args)  # type: ignore[no-any-return]
           ^^^^^^^^^^^^^^^^^^^^^^^^^^^^^^^^^^^^^^^^^^^^^^^^^^^^^^^^^^^^^^^^^
  File "D:\Automation\job_hunter\app.py", line 131, in api_stats
    countries = [r["country"] for r in query(
                                       ^^^^^^
  File "D:\Automation\job_hunter\app.py", line 94, in query
    return [dict(r) for r in c.execute(sql, params).fetchall()]
                             ^^^^^^^^^^^^^^^^^^^^^^
sqlite3.OperationalError: no such column: country
2026-03-18 17:04:27  INFO      ============================================================
2026-03-18 17:04:38  INFO      [JobSpy] Searching 'Games QA Engineer' in 'Remote'...
2026-03-18 17:04:47  INFO      Scheduler started — running immediately, then every 30 min.
2026-03-18 17:04:47  INFO      ============================================================
2026-03-18 17:04:47  INFO      🎮  Job hunt cycle started
2026-03-18 17:04:47  INFO      ============================================================
2026-03-18 17:04:47  INFO      Scraping JobSpy platforms: ['linkedin', 'indeed']...
2026-03-18 17:05:21  INFO      [JobSpy] Searching 'Games QA Engineer' in 'Pune India'...
2026-03-18 17:06:02  INFO      [JobSpy] Searching 'Game QA Engineer' in 'India'...
2026-03-18 17:10:40  INFO      Scheduler started — running immediately, then every 30 min.
2026-03-18 17:10:40  INFO      ============================================================
2026-03-18 17:10:40  INFO      🎮  Job hunt cycle started
2026-03-18 17:10:40  INFO      ============================================================
2026-03-18 17:10:40  INFO      Scraping JobSpy platforms: ['linkedin', 'indeed']...
2026-03-18 17:10:43  INFO      [JobSpy] Searching 'Games QA Engineer' in 'India'...
2026-03-18 17:11:26  INFO      [JobSpy] Searching 'Games QA Engineer' in 'Remote'...
2026-03-18 17:12:09  INFO      [JobSpy] Searching 'Games QA Engineer' in 'Pune India'...
2026-03-18 17:12:51  INFO      [JobSpy] Searching 'Game QA Engineer' in 'India'...
2026-03-18 17:13:36  INFO      [JobSpy] Searching 'Game QA Engineer' in 'Remote'...
2026-03-18 17:14:20  INFO      [JobSpy] Searching 'Game QA Engineer' in 'Pune India'...
2026-03-18 17:15:05  INFO      [JobSpy] Searching 'QA Engineer Games' in 'India'...
2026-03-18 17:15:20  INFO      [JobSpy] Searching 'QA Engineer Games' in 'Remote'...
2026-03-18 17:15:57  INFO      [JobSpy] Searching 'QA Engineer Games' in 'Pune India'...
2026-03-18 17:16:04  INFO      [JobSpy] Searching 'Game Tester' in 'India'...
2026-03-18 17:16:49  INFO      [JobSpy] Searching 'Game Tester' in 'Remote'...
2026-03-18 17:17:33  INFO      [JobSpy] Searching 'Game Tester' in 'Pune India'...
2026-03-18 17:18:25  INFO      [JobSpy] Searching 'Games Tester' in 'India'...
2026-03-18 17:19:16  INFO      [JobSpy] Searching 'Games Tester' in 'Remote'...
2026-03-18 17:19:58  INFO      [JobSpy] Searching 'Games Tester' in 'Pune India'...
2026-03-18 17:20:42  INFO      [JobSpy] Searching 'Quality Assurance Games' in 'India'...
2026-03-18 17:20:53  INFO      [JobSpy] Searching 'Quality Assurance Games' in 'Remote'...
2026-03-18 17:21:14  INFO      [JobSpy] Searching 'Quality Assurance Games' in 'Pune India'...
2026-03-18 17:21:18  INFO      Scraping Naukri.com...
2026-03-18 17:21:29  INFO      Scraping Hitmarker.net...
2026-03-18 17:21:39  INFO      Scraping WorkWithIndies.com...
2026-03-18 17:21:39  INFO      Total unique jobs scraped this cycle: 195
2026-03-18 17:21:39  INFO      New jobs (not seen before): 15
2026-03-18 17:21:43  INFO      Qualified jobs (score ≥ 30): 2
2026-03-18 17:21:47  INFO      Email sent: 2 jobs → jibinjosejo29@gmail.com
2026-03-18 17:21:47  INFO      Opening top 2 job(s) in browser...
2026-03-18 17:21:49  INFO      Cycle complete in 668.6s — 2 qualified jobs processed.
2026-03-18 17:51:49  INFO      ============================================================
2026-03-18 17:51:49  INFO      🎮  Job hunt cycle started
2026-03-18 17:51:49  INFO      ============================================================
2026-03-18 17:51:49  INFO      Scraping JobSpy platforms: ['linkedin', 'indeed']...
2026-03-18 17:51:49  INFO      [JobSpy] Searching 'Games QA Engineer' in 'India'...
2026-03-18 17:52:31  INFO      [JobSpy] Searching 'Games QA Engineer' in 'Remote'...
2026-03-18 17:53:18  INFO      [JobSpy] Searching 'Games QA Engineer' in 'Pune India'...
2026-03-18 17:53:58  INFO      [JobSpy] Searching 'Game QA Engineer' in 'India'...
2026-03-18 17:54:49  INFO      [JobSpy] Searching 'Game QA Engineer' in 'Remote'...
2026-03-18 17:55:40  INFO      [JobSpy] Searching 'Game QA Engineer' in 'Pune India'...
2026-03-18 17:56:22  INFO      [JobSpy] Searching 'QA Engineer Games' in 'India'...
2026-03-18 17:56:36  INFO      [JobSpy] Searching 'QA Engineer Games' in 'Remote'...
2026-03-18 17:57:10  INFO      [JobSpy] Searching 'QA Engineer Games' in 'Pune India'...
2026-03-18 17:57:14  INFO      [JobSpy] Searching 'Game Tester' in 'India'...
2026-03-18 17:58:08  INFO      [JobSpy] Searching 'Game Tester' in 'Remote'...
2026-03-18 17:58:48  INFO      [JobSpy] Searching 'Game Tester' in 'Pune India'...
2026-03-18 17:59:28  INFO      [JobSpy] Searching 'Games Tester' in 'India'...
2026-03-18 18:00:13  INFO      [JobSpy] Searching 'Games Tester' in 'Remote'...
2026-03-18 18:00:52  INFO      [JobSpy] Searching 'Games Tester' in 'Pune India'...
2026-03-18 18:01:35  INFO      [JobSpy] Searching 'Quality Assurance Games' in 'India'...
2026-03-18 18:01:43  INFO      [JobSpy] Searching 'Quality Assurance Games' in 'Remote'...
2026-03-18 18:02:13  INFO      [JobSpy] Searching 'Quality Assurance Games' in 'Pune India'...
2026-03-18 18:02:17  INFO      Scraping Naukri.com...
2026-03-18 18:02:31  INFO      Scraping Hitmarker.net...
2026-03-18 18:02:40  INFO      Scraping WorkWithIndies.com...
2026-03-18 18:02:41  INFO      Total unique jobs scraped this cycle: 208
2026-03-18 18:02:41  INFO      New jobs (not seen before): 20
2026-03-18 18:02:45  INFO      Qualified jobs (score ≥ 30): 3
2026-03-18 18:02:48  INFO      Email sent: 3 jobs → jibinjosejo29@gmail.com
2026-03-18 18:02:49  INFO      Opening top 3 job(s) in browser...
2026-03-18 18:02:51  INFO      Cycle complete in 662.7s — 3 qualified jobs processed.
2026-03-18 18:29:20  INFO      Scheduler started — running immediately, then every 30 min.
2026-03-18 18:29:20  INFO      ============================================================
2026-03-18 18:29:20  INFO      🎮  Job hunt cycle started
2026-03-18 18:29:20  INFO      ============================================================
2026-03-18 18:29:20  INFO      Scraping JobSpy platforms: ['linkedin', 'indeed']...
2026-03-18 18:32:51  INFO      ============================================================
2026-03-18 18:32:51  INFO      🎮  Job hunt cycle started
2026-03-18 18:32:51  INFO      ============================================================
2026-03-18 18:32:51  INFO      Scraping JobSpy platforms: ['linkedin', 'indeed']...
2026-03-18 18:32:51  INFO      [JobSpy] Searching 'Games QA Engineer' in 'India'...
2026-03-18 18:33:32  INFO      [JobSpy] Searching 'Games QA Engineer' in 'Remote'...
2026-03-18 18:34:09  INFO      Scheduler started — running immediately, then every 30 min.
2026-03-18 18:34:09  INFO      ============================================================
2026-03-18 18:34:09  INFO      🎮  Job hunt cycle started
2026-03-18 18:34:09  INFO      ============================================================
2026-03-18 18:34:09  ERROR     Exception on / [GET]
Traceback (most recent call last):
  File "C:\Users\jibin\AppData\Local\Programs\Python\Python311\Lib\site-packages\flask\app.py", line 1511, in wsgi_app
    response = self.full_dispatch_request()
               ^^^^^^^^^^^^^^^^^^^^^^^^^^^^
  File "C:\Users\jibin\AppData\Local\Programs\Python\Python311\Lib\site-packages\flask\app.py", line 919, in full_dispatch_request
    rv = self.handle_user_exception(e)
         ^^^^^^^^^^^^^^^^^^^^^^^^^^^^^
  File "C:\Users\jibin\AppData\Local\Programs\Python\Python311\Lib\site-packages\flask\app.py", line 917, in full_dispatch_request
    rv = self.dispatch_request()
         ^^^^^^^^^^^^^^^^^^^^^^^
  File "C:\Users\jibin\AppData\Local\Programs\Python\Python311\Lib\site-packages\flask\app.py", line 902, in dispatch_request
    return self.ensure_sync(self.view_functions[rule.endpoint])(**view_args)  # type: ignore[no-any-return]
           ^^^^^^^^^^^^^^^^^^^^^^^^^^^^^^^^^^^^^^^^^^^^^^^^^^^^^^^^^^^^^^^^^
  File "C:\Users\jibin\AppData\Local\Programs\Python\Python311\Lib\site-packages\flask_login\utils.py", line 284, in decorated_view
    elif not current_user.is_authenticated:
             ^^^^^^^^^^^^^^^^^^^^^^^^^^^^^
  File "C:\Users\jibin\AppData\Local\Programs\Python\Python311\Lib\site-packages\werkzeug\local.py", line 318, in __get__
    obj = instance._get_current_object()
          ^^^^^^^^^^^^^^^^^^^^^^^^^^^^^^
  File "C:\Users\jibin\AppData\Local\Programs\Python\Python311\Lib\site-packages\werkzeug\local.py", line 526, in _get_current_object
    return get_name(local())
                    ^^^^^^^
  File "C:\Users\jibin\AppData\Local\Programs\Python\Python311\Lib\site-packages\flask_login\utils.py", line 25, in <lambda>
    current_user = LocalProxy(lambda: _get_user())
                                      ^^^^^^^^^^^
  File "C:\Users\jibin\AppData\Local\Programs\Python\Python311\Lib\site-packages\flask_login\utils.py", line 370, in _get_user
    current_app.login_manager._load_user()
    ^^^^^^^^^^^^^^^^^^^^^^^^^
AttributeError: 'Flask' object has no attribute 'login_manager'
2026-03-18 18:34:09  INFO      Scraping JobSpy platforms: ['linkedin', 'indeed']...
2026-03-18 18:34:12  INFO      [JobSpy] Searching 'Games QA Engineer' in 'Pune India'...
2026-03-18 18:34:33  INFO      Scheduler started — running immediately, then every 30 min.
2026-03-18 18:34:33  INFO      ============================================================
2026-03-18 18:34:33  INFO      🎮  Job hunt cycle started
2026-03-18 18:34:33  INFO      ============================================================
2026-03-18 18:34:44  INFO      Scheduler started — running immediately, then every 30 min.
2026-03-18 18:34:44  INFO      ============================================================
2026-03-18 18:34:44  INFO      🎮  Job hunt cycle started
2026-03-18 18:34:44  INFO      ============================================================
2026-03-18 18:34:49  INFO      Scheduler started — running immediately, then every 30 min.
2026-03-18 18:34:49  INFO      ============================================================
2026-03-18 18:34:49  INFO      🎮  Job hunt cycle started
2026-03-18 18:34:49  INFO      ============================================================
2026-03-18 18:34:49  INFO      Scraping JobSpy platforms: ['linkedin', 'indeed']...
2026-03-18 18:35:14  INFO      [JobSpy] Searching 'Game QA Engineer' in 'India'...
2026-03-18 18:35:59  INFO      [JobSpy] Searching 'Game QA Engineer' in 'Remote'...
2026-03-18 18:36:35  INFO      [JobSpy] Searching 'Game QA Engineer' in 'Pune India'...
2026-03-18 18:37:13  INFO      [JobSpy] Searching 'QA Engineer Games' in 'India'...
2026-03-18 18:37:27  INFO      [JobSpy] Searching 'QA Engineer Games' in 'Remote'...
2026-03-18 18:38:14  INFO      [JobSpy] Searching 'QA Engineer Games' in 'Pune India'...
2026-03-18 18:38:17  INFO      [JobSpy] Searching 'Game Tester' in 'India'...
2026-03-18 18:38:57  INFO      [JobSpy] Searching 'Game Tester' in 'Remote'...
2026-03-18 18:39:37  INFO      [JobSpy] Searching 'Game Tester' in 'Pune India'...
2026-03-18 18:40:14  INFO      [JobSpy] Searching 'Games Tester' in 'India'...
2026-03-18 18:40:59  INFO      [JobSpy] Searching 'Games Tester' in 'Remote'...
2026-03-18 18:41:41  INFO      [JobSpy] Searching 'Games Tester' in 'Pune India'...
2026-03-18 18:42:14  INFO      Scheduler started — running immediately, then every 30 min.
2026-03-18 18:42:14  INFO      ============================================================
2026-03-18 18:42:14  INFO      🎮  Job hunt cycle started
2026-03-18 18:42:14  INFO      ============================================================
2026-03-18 18:42:14  INFO      Scraping JobSpy platforms: ['linkedin', 'indeed']...
2026-03-18 18:42:15  INFO      [JobSpy] Searching 'Games QA Engineer' in 'India'...
2026-03-18 18:42:55  INFO      [JobSpy] Searching 'Games QA Engineer' in 'Remote'...
2026-03-18 18:43:33  INFO      [JobSpy] Searching 'Games QA Engineer' in 'Pune India'...
2026-03-18 18:44:27  INFO      [JobSpy] Searching 'Game QA Engineer' in 'India'...
2026-03-18 18:45:08  INFO      [JobSpy] Searching 'Game QA Engineer' in 'Remote'...
2026-03-18 18:45:48  INFO      [JobSpy] Searching 'Game QA Engineer' in 'Pune India'...
2026-03-18 18:46:31  INFO      [JobSpy] Searching 'QA Engineer Games' in 'India'...
